[17:39:26] [main/INFO]: Loading Minecraft 1.19.2 with Fabric Loader 0.14.18
[17:39:26] [main/WARN]: Warnings were found!
 - Mod 'Better Statistics Screen' (betterstats) 2.4+1.19.2 recommends any version of modmenu, which is missing!
	 - You should install any version of modmenu for the optimal experience.
[17:39:26] [main/INFO]: Loading 82 mods:
	- architectury 6.5.69
	- betterstats 2.4+1.19.2
	   \-- tcdcommons 2.4+1.19.2
	- cloth-config 8.2.88
	   \-- cloth-basic-math 0.6.1
	- controlling 10.0+7
	- dsurround 0.1.1
	   \-- org_openjdk_nashorn_nashorn-core 15.3
	- eatinganimationid 1.9.1
	- fabric-api 0.76.0+1.19.2
	   |-- fabric-api-base 0.4.15+8f4e8eb390
	   |-- fabric-api-lookup-api-v1 1.6.14+93d8cb8290
	   |-- fabric-biome-api-v1 9.1.1+16f1e31390
	   |-- fabric-block-api-v1 1.0.2+e415d50e90
	   |-- fabric-blockrenderlayer-v1 1.1.25+cafc6e8e90
	   |-- fabric-client-tags-api-v1 1.0.5+b35fea8390
	   |-- fabric-command-api-v1 1.2.16+f71b366f90
	   |-- fabric-command-api-v2 2.2.1+413cbbc790
	   |-- fabric-commands-v0 0.2.33+df3654b390
	   |-- fabric-containers-v0 0.1.41+df3654b390
	   |-- fabric-content-registries-v0 3.5.2+7c6cd14d90
	   |-- fabric-convention-tags-v1 1.3.0+4bc6e26290
	   |-- fabric-crash-report-info-v1 0.2.8+aeb40ebe90
	   |-- fabric-data-generation-api-v1 5.3.8+413cbbc790
	   |-- fabric-dimensions-v1 2.1.35+0d0f210290
	   |-- fabric-entity-events-v1 1.5.4+9244241690
	   |-- fabric-events-interaction-v0 0.4.34+562bff6e90
	   |-- fabric-events-lifecycle-v0 0.2.36+df3654b390
	   |-- fabric-game-rule-api-v1 1.0.24+b6b6abb490
	   |-- fabric-item-api-v1 1.6.6+b7d1888890
	   |-- fabric-item-groups-v0 0.3.39+9244241690
	   |-- fabric-key-binding-api-v1 1.0.25+5c4fce2890
	   |-- fabric-keybindings-v0 0.2.23+df3654b390
	   |-- fabric-lifecycle-events-v1 2.2.4+1b46dc7890
	   |-- fabric-loot-api-v2 1.1.13+83a8659290
	   |-- fabric-loot-tables-v1 1.1.16+9e7660c690
	   |-- fabric-message-api-v1 5.0.7+93d8cb8290
	   |-- fabric-mining-level-api-v1 2.1.24+33fbc73890
	   |-- fabric-models-v0 0.3.21+c6af733c90
	   |-- fabric-networking-api-v1 1.2.11+10eb22f490
	   |-- fabric-networking-v0 0.3.28+df3654b390
	   |-- fabric-object-builder-api-v1 4.2.2+d8ef690890
	   |-- fabric-particles-v1 1.0.14+4d0d570390
	   |-- fabric-recipe-api-v1 1.0.1+413cbbc790
	   |-- fabric-registry-sync-v0 0.9.32+9244241690
	   |-- fabric-renderer-api-v1 1.2.1+1adbf27790
	   |-- fabric-renderer-indigo 0.8.0+1adbf27790
	   |-- fabric-renderer-registries-v1 3.2.24+df3654b390
	   |-- fabric-rendering-data-attachment-v1 0.3.19+6e0787e690
	   |-- fabric-rendering-fluids-v1 3.0.11+4d0d570390
	   |-- fabric-rendering-v0 1.1.27+df3654b390
	   |-- fabric-rendering-v1 1.12.1+d8ef690890
	   |-- fabric-resource-conditions-api-v1 2.1.2+aae9039d90
	   |-- fabric-resource-loader-v0 0.8.4+edbdcddb90
	   |-- fabric-screen-api-v1 1.0.32+4d0d570390
	   |-- fabric-screen-handler-api-v1 1.3.7+1cc24b1b90
	   |-- fabric-sound-api-v1 1.0.2+c4f28df590
	   |-- fabric-textures-v0 1.0.24+aeb40ebe90
	   |-- fabric-transfer-api-v1 2.1.6+413cbbc790
	   \-- fabric-transitive-access-wideners-v1 1.3.3+08b73de490
	- fabricloader 0.14.18
	- iceberg 1.0.46
	- inventoryhud 3.4.7
	- jade 8.7.3
	- java 17
	- litematica 0.12.7
	- lithium 0.11.1
	- malilib 0.13.0
	- minecraft 1.19.2
	- minihud 0.23.3
	- mousetweaks 2.22
	- phosphor 0.8.1
	- reeses-sodium-options 1.4.9+mc1.19.2-build.67
	- roughlyenoughitems 9.1.595
	   \-- error_notifier 1.0.9
	- sodium 0.4.4+build.18
	   \-- org_joml_joml 1.10.4
	- sodium-extra 0.4.16+mc1.19.2-build.90
	   \-- caffeineconfig 1.0.0+1.17
	- spyglass-improvements 1.4+mc1.19+fabric
	- xaerominimap 23.3.3
	- xaeroworldmap 1.29.4
[17:39:27] [main/INFO]: SpongePowered MIXIN Subsystem Version=0.8.5 Source=file:/C:/Users/Noah%20Farris/curseforge/minecraft/Install/libraries/net/fabricmc/sponge-mixin/0.12.4+mixin.0.8.5/sponge-mixin-0.12.4+mixin.0.8.5.jar Service=Knot/Fabric Env=CLIENT
[17:39:27] [main/INFO]: Compatibility level set to JAVA_16
[17:39:27] [main/INFO]: Compatibility level set to JAVA_17
[17:39:28] [main/WARN]: Reference map 'betterstats-refmap.json' for betterstats.client.mixin.json could not be read. If this is a development environment you can ignore this message
[17:39:28] [main/INFO]: Loaded configuration file for Lithium: 114 options available, 0 override(s) found
[17:39:28] [main/INFO]: Loaded configuration file for Sodium: 29 options available, 0 override(s) found
[17:39:28] [main/INFO]: Loaded configuration file for Sodium Extra: 28 options available, 0 override(s) found
[17:39:46] [main/INFO]: Building optimized datafixer
[17:39:58] [Render thread/INFO]: Environment: authHost='https://authserver.mojang.com', accountsHost='https://api.mojang.com', sessionHost='https://sessionserver.mojang.com', servicesHost='https://api.minecraftservices.com', name='PROD'
[17:40:00] [Render thread/INFO]: Setting user: MarcusAurelie
[17:40:07] [Render thread/INFO]: [REI] Config loaded
[17:40:07] [Render thread/INFO]: Registering S2C receiver with id roughlyenoughitems:request_tags_s2c
[17:40:07] [Render thread/INFO]: Registering C2S receiver with id roughlyenoughitems:request_tags_c2s
[17:40:07] [Render thread/INFO]: [REI] Registered plugin provider DefaultPlugin [roughlyenoughitems] for REIPlugin
[17:40:07] [Render thread/INFO]: [REI] Registered plugin provider DefaultRuntimePlugin [roughlyenoughitems] for REIPlugin
[17:40:07] [Render thread/INFO]: [REI] Registered plugin provider DefaultClientPlugin [roughlyenoughitems] for REIPlugin
[17:40:08] [Render thread/INFO]: [REI] Registered plugin provider DefaultClientRuntimePlugin [roughlyenoughitems] for REIPlugin
[17:40:08] [Render thread/INFO]: [REI] Registered plugin provider HideIngredientsFromTagsPlugin [roughlyenoughitems] for REIPlugin
[17:40:08] [Render thread/INFO]: [REI] Registered plugin provider DefaultPlugin [roughlyenoughitems] for REIServerPlugin
[17:40:08] [Render thread/INFO]: [REI] Registered plugin provider DefaultRuntimePlugin [roughlyenoughitems] for REIServerPlugin
[17:40:08] [Render thread/INFO]: [REI] Registered plugin provider FabricFluidAPISupportPlugin for REIServerPlugin
[17:40:08] [Render thread/INFO]: [REI] Registered plugin provider FabricFluidAPISupportPlugin for REIPlugin
[17:40:08] [Render thread/INFO]: Registering C2S receiver with id roughlyenoughitems:delete_item
[17:40:08] [Render thread/INFO]: Registering C2S receiver with id roughlyenoughitems:create_item
[17:40:08] [Render thread/INFO]: Registering C2S receiver with id roughlyenoughitems:create_item_grab
[17:40:08] [Render thread/INFO]: Registering C2S receiver with id roughlyenoughitems:create_item_hotbar
[17:40:08] [Render thread/INFO]: Registering C2S receiver with id roughlyenoughitems:move_items
[17:40:08] [Render thread/INFO]: Registering S2C receiver with id architectury:spawn_entity_packet
[17:40:08] [Render thread/INFO]: Initializing 'Better Statistics Screen' as 'BetterStatsClient'.
[17:40:08] [Render thread/INFO]: Initializing...
[17:40:09] [Render thread/INFO]: Initialization complete
[17:40:09] [Render thread/INFO]: [Indigo] Different rendering plugin detected; not applying Indigo.
[17:40:09] [Render thread/INFO]: [STDOUT]: Inventory HUD + has been initialized!
[17:40:09] [Render thread/INFO]: [STDOUT]: [Mouse Tweaks] Main.initialize()
[17:40:09] [Render thread/INFO]: [STDOUT]: [Mouse Tweaks] Initialized.
[17:40:09] [Render thread/INFO]: [REI] Registered plugin provider DefaultClientPlugin [roughlyenoughitems] for REIClientPlugin
[17:40:09] [Render thread/INFO]: [REI] Registered plugin provider DefaultClientRuntimePlugin [roughlyenoughitems] for REIClientPlugin
[17:40:09] [Render thread/INFO]: [REI] Registered plugin provider HideIngredientsFromTagsPlugin [roughlyenoughitems] for REIClientPlugin
[17:40:09] [Render thread/INFO]: Registering S2C receiver with id roughlyenoughitems:ci_msg
[17:40:09] [Render thread/INFO]: Registering S2C receiver with id roughlyenoughitems:og_not_enough
[17:40:09] [Render thread/INFO]: Initialized spyglass-improvements
[17:40:09] [Render thread/INFO]: Initializing 'TCD Commons API' 2.4+1.19.2 as 'TCDCommonsClient'.
[17:40:09] [Render thread/WARN]: Static binding violation: PRIVATE @Overwrite method method_23182 in sodium.mixins.json:features.item.MixinItemRenderer from mod sodium cannot reduce visibiliy of PUBLIC target method, visibility will be upgraded.
[17:40:10] [Render thread/INFO]: Loading Xaero's Minimap - Stage 1/2
[17:40:11] [Render thread/INFO]: Loading Xaero's World Map - Stage 1/2
[17:40:12] [Render thread/INFO]: Backend library: LWJGL version 3.3.1 SNAPSHOT
[17:40:22] [Render thread/INFO]: Narrator library for x64 successfully loaded
[17:40:22] [Render thread/INFO]: Reloading ResourceManager: Default, Fabric Mods (Better Statistics Screen, CaffeineConfig, Cloth Config v8, Controlling For Fabric, Dynamic Surroundings: Remastered Fabric Edition, Eating Animation, Fabric API, Fabric API Base, Fabric API Lookup API (v1), Fabric Biome API (v1), Fabric Block API (v1), Fabric BlockRenderLayer Registration (v1), Fabric Client Tags, Fabric Command API (v1), Fabric Command API (v2), Fabric Commands (v0), Fabric Containers (v0), Fabric Content Registries (v0), Fabric Convention Tags, Fabric Crash Report Info (v1), Fabric Data Generation API (v1), Fabric Dimensions API (v1), Fabric Entity Events (v1), Fabric Events Interaction (v0), Fabric Events Lifecycle (v0), Fabric Game Rule API (v1), Fabric Item API (v1), Fabric Item Groups (v0), Fabric Key Binding API (v1), Fabric Key Bindings (v0), Fabric Lifecycle Events (v1), Fabric Loot API (v2), Fabric Loot Tables (v1), Fabric Message API (v1), Fabric Mining Level API (v1), Fabric Models (v0), Fabric Networking API (v1), Fabric Networking (v0), Fabric Object Builder API (v1), Fabric Particles (v1), Fabric Recipe API (v1), Fabric Registry Sync (v0), Fabric Renderer API (v1), Fabric Renderer - Indigo, Fabric Renderer Registries (v1), Fabric Rendering Data Attachment (v1), Fabric Rendering Fluids (v1), Fabric Rendering (v0), Fabric Rendering (v1), Fabric Resource Conditions API (v1), Fabric Resource Loader (v0), Fabric Screen API (v1), Fabric Screen Handler API (v1), Fabric Sound API (v1), Fabric Textures (v0), Fabric Transfer API (v1), Fabric Transitive Access Wideners (v1), Fabric Loader, Inventory HUD +, Jade, Litematica, Lithium, MaLiLib, MiniHUD, Phosphor, Reese's Sodium Options, Roughly Enough Items, Sodium, Sodium Extra, Spyglass Improvements, TCD Commons API, Xaero's Minimap, Xaero's World Map), Default-Dark-Mode-1.19.2-v1.4.0.zip, Icons+V.1.7.1.zip, Soft-Weather-1.0-1.19.zip, ShieldCorrections [Colored].zip, Enhanced Boss Bars 1.1.zip, NoPumpkinBlur-rv1.3.zip, Brewing Guide.zip, VisibleOres2.9.zip, minecraft/supporteatinganimation
[17:40:24] [Worker-Main-6/WARN]: Codepoint 'e000' declared multiple times in icons:textures/item/spawneggs/mobs2.png
[17:40:24] [Worker-Main-6/WARN]: Codepoint 'e000' declared multiple times in icons:textures/item/spawneggs/mobs2.png
[17:40:24] [Worker-Main-6/WARN]: Codepoint 'e000' declared multiple times in icons:textures/item/spawneggs/mobs2.png
[17:40:24] [Worker-Main-6/WARN]: Codepoint 'e000' declared multiple times in icons:textures/item/spawneggs/mobs.png
[17:40:24] [Worker-Main-6/WARN]: Codepoint 'e000' declared multiple times in icons:textures/item/spawneggs/mobs.png
[17:40:24] [Worker-Main-6/WARN]: Codepoint 'e000' declared multiple times in icons:textures/item/spawneggs/mobs.png
[17:40:24] [Worker-Main-6/WARN]: Codepoint 'e000' declared multiple times in icons:textures/item/spawneggs/mobs.png
[17:40:24] [Worker-Main-6/WARN]: Codepoint 'e000' declared multiple times in icons:textures/item/spawneggs/mobs.png
[17:40:24] [Worker-Main-6/WARN]: Codepoint 'e000' declared multiple times in icons:textures/item/spawneggs/mobs.png
[17:40:24] [Worker-Main-6/WARN]: Codepoint 'e000' declared multiple times in icons:textures/item/spawneggs/mobs.png
[17:40:24] [Worker-Main-6/WARN]: Codepoint 'e000' declared multiple times in icons:textures/item/spawneggs/mobs.png
[17:40:24] [Worker-Main-6/WARN]: Codepoint 'e000' declared multiple times in icons:textures/item/spawneggs/mobs.png
[17:40:24] [Worker-Main-6/WARN]: Codepoint 'e000' declared multiple times in icons:textures/item/spawneggs/mobs.png
[17:40:24] [Worker-Main-6/WARN]: Codepoint 'e000' declared multiple times in icons:textures/item/spawneggs/mobs.png
[17:40:24] [Worker-Main-6/WARN]: Codepoint 'e000' declared multiple times in icons:textures/item/spawneggs/mobs.png
[17:40:24] [Worker-Main-6/WARN]: Codepoint 'e000' declared multiple times in icons:textures/item/spawneggs/mobs.png
[17:40:24] [Worker-Main-6/WARN]: Codepoint 'e000' declared multiple times in icons:textures/item/spawneggs/mobs.png
[17:40:24] [Worker-Main-6/WARN]: Codepoint 'e000' declared multiple times in icons:textures/item/spawneggs/mobs.png
[17:40:24] [Worker-Main-6/WARN]: Codepoint 'e000' declared multiple times in icons:textures/item/spawneggs/mobs.png
[17:40:24] [Worker-Main-6/WARN]: Codepoint 'e000' declared multiple times in icons:textures/item/spawneggs/mobs.png
[17:40:24] [Worker-Main-6/WARN]: Codepoint 'e000' declared multiple times in icons:textures/item/spawneggs/mobs.png
[17:40:24] [Worker-Main-6/WARN]: Codepoint 'e000' declared multiple times in icons:textures/item/spawneggs/mobs.png
[17:40:24] [Worker-Main-6/WARN]: Codepoint 'e000' declared multiple times in icons:textures/item/spawneggs/mobs.png
[17:40:24] [Worker-Main-6/WARN]: Codepoint 'e000' declared multiple times in icons:textures/item/spawneggs/mobs.png
[17:40:24] [Worker-Main-6/WARN]: Codepoint 'e000' declared multiple times in icons:textures/item/spawneggs/mobs.png
[17:40:24] [Worker-Main-6/WARN]: Codepoint 'e000' declared multiple times in icons:textures/item/spawneggs/mobs.png
[17:40:24] [Worker-Main-6/WARN]: Codepoint 'e000' declared multiple times in icons:textures/item/spawneggs/mobs.png
[17:40:24] [Worker-Main-6/WARN]: Codepoint 'e000' declared multiple times in icons:textures/item/spawneggs/mobs.png
[17:40:24] [Worker-Main-6/WARN]: Codepoint 'e000' declared multiple times in icons:textures/item/spawneggs/mobs.png
[17:40:24] [Worker-Main-6/WARN]: Codepoint 'e000' declared multiple times in icons:textures/item/spawneggs/mobs.png
[17:40:24] [Worker-Main-6/WARN]: Codepoint 'e000' declared multiple times in icons:textures/item/spawneggs/mobs.png
[17:40:24] [Worker-Main-6/WARN]: Codepoint 'e000' declared multiple times in icons:textures/item/spawneggs/mobs.png
[17:40:24] [Worker-Main-6/WARN]: Codepoint 'e000' declared multiple times in icons:textures/item/spawneggs/mobs.png
[17:40:24] [Worker-Main-6/WARN]: Codepoint 'e000' declared multiple times in icons:textures/item/spawneggs/mobs.png
[17:40:24] [Worker-Main-6/WARN]: Codepoint 'e000' declared multiple times in icons:textures/item/spawneggs/mobs.png
[17:40:24] [Worker-Main-6/WARN]: Codepoint 'e000' declared multiple times in icons:textures/item/spawneggs/mobs.png
[17:40:24] [Worker-Main-6/WARN]: Codepoint 'e000' declared multiple times in icons:textures/item/spawneggs/mobs.png
[17:40:24] [Worker-Main-6/WARN]: Codepoint 'e000' declared multiple times in icons:textures/menu/menu_icons.png
[17:40:24] [Worker-Main-6/WARN]: Codepoint 'e000' declared multiple times in icons:textures/menu/menu_icons.png
[17:40:24] [Worker-Main-6/WARN]: Codepoint 'e000' declared multiple times in icons:textures/menu/menu_icons.png
[17:40:24] [Worker-Main-6/WARN]: Codepoint 'e000' declared multiple times in icons:textures/menu/menu_icons.png
[17:40:24] [Worker-Main-6/WARN]: Codepoint 'e000' declared multiple times in icons:textures/menu/menu_icons.png
[17:40:24] [Worker-Main-6/WARN]: Codepoint 'e000' declared multiple times in icons:textures/menu/menu_icons.png
[17:40:24] [Worker-Main-6/WARN]: Codepoint 'e000' declared multiple times in icons:textures/menu/menu_icons.png
[17:40:24] [Worker-Main-6/WARN]: Codepoint 'e000' declared multiple times in icons:textures/menu/menu_icons.png
[17:40:24] [Worker-Main-6/WARN]: Codepoint 'e000' declared multiple times in icons:textures/menu/menu_icons.png
[17:40:24] [Worker-Main-6/WARN]: Codepoint 'e000' declared multiple times in icons:textures/menu/menu_icons.png
[17:40:24] [Worker-Main-6/WARN]: Codepoint 'e000' declared multiple times in icons:textures/menu/menu_icons.png
[17:40:24] [Worker-Main-6/WARN]: Codepoint 'e000' declared multiple times in icons:textures/menu/menu_icons.png
[17:40:24] [Worker-Main-6/WARN]: Codepoint 'e000' declared multiple times in icons:textures/menu/menu_icons.png
[17:40:24] [Worker-Main-6/WARN]: Codepoint 'e000' declared multiple times in icons:textures/menu/menu_icons.png
[17:40:24] [Worker-Main-6/WARN]: Codepoint 'e000' declared multiple times in icons:textures/menu/menu_icons.png
[17:40:24] [Worker-Main-6/WARN]: Codepoint 'e000' declared multiple times in icons:textures/menu/menu_icons.png
[17:40:24] [Worker-Main-6/WARN]: Codepoint 'e000' declared multiple times in icons:textures/menu/menu_icons.png
[17:40:24] [Worker-Main-6/WARN]: Codepoint 'e000' declared multiple times in icons:textures/menu/menu_icons.png
[17:40:24] [Worker-Main-6/WARN]: Codepoint 'e000' declared multiple times in icons:textures/menu/menu_icons.png
[17:40:24] [Worker-Main-6/WARN]: Codepoint 'e000' declared multiple times in icons:textures/menu/menu_icons.png
[17:40:24] [Worker-Main-6/WARN]: Codepoint 'e000' declared multiple times in icons:textures/menu/menu_icons.png
[17:40:24] [Worker-Main-6/WARN]: Codepoint 'e000' declared multiple times in icons:textures/menu/menu_icons.png
[17:40:24] [Worker-Main-6/WARN]: Codepoint 'e000' declared multiple times in icons:textures/menu/menu_icons.png
[17:40:24] [Worker-Main-6/WARN]: Codepoint 'e000' declared multiple times in icons:textures/menu/menu_icons.png
[17:40:24] [Worker-Main-6/WARN]: Codepoint 'e000' declared multiple times in icons:textures/menu/menu_icons.png
[17:40:24] [Worker-Main-6/WARN]: Codepoint 'e000' declared multiple times in icons:textures/menu/menu_icons.png
[17:40:24] [Worker-Main-6/WARN]: Codepoint 'e000' declared multiple times in icons:textures/menu/menu_icons.png
[17:40:24] [Worker-Main-6/WARN]: Codepoint 'e000' declared multiple times in icons:textures/menu/menu_icons.png
[17:40:24] [Worker-Main-6/WARN]: Codepoint 'e000' declared multiple times in icons:textures/menu/menu_icons.png
[17:40:24] [Worker-Main-6/WARN]: Codepoint 'e000' declared multiple times in icons:textures/menu/menu_icons.png
[17:40:24] [Worker-Main-6/WARN]: Codepoint 'e000' declared multiple times in icons:textures/menu/menu_icons.png
[17:40:24] [Worker-Main-6/WARN]: Codepoint 'e000' declared multiple times in icons:textures/menu/menu_icons.png
[17:40:24] [Worker-Main-6/WARN]: Codepoint 'e000' declared multiple times in icons:textures/menu/menu_icons.png
[17:40:24] [Worker-Main-6/WARN]: Codepoint 'e000' declared multiple times in icons:textures/menu/menu_icons.png
[17:40:24] [Worker-Main-6/WARN]: Codepoint 'e000' declared multiple times in icons:textures/menu/menu_icons.png
[17:40:24] [Worker-Main-6/WARN]: Codepoint 'e000' declared multiple times in icons:textures/menu/menu_icons.png
[17:40:24] [Worker-Main-6/WARN]: Codepoint 'e000' declared multiple times in icons:textures/menu/menu_icons.png
[17:40:24] [Worker-Main-6/WARN]: Codepoint 'e000' declared multiple times in icons:textures/menu/menu_icons.png
[17:40:24] [Worker-Main-6/WARN]: Codepoint 'e000' declared multiple times in icons:textures/menu/menu_icons.png
[17:40:24] [Worker-Main-6/WARN]: Codepoint 'e000' declared multiple times in icons:textures/menu/menu_icons.png
[17:40:24] [Worker-Main-6/WARN]: Codepoint 'e000' declared multiple times in icons:textures/menu/menu_icons.png
[17:40:24] [Worker-Main-6/WARN]: Codepoint 'e000' declared multiple times in icons:textures/menu/menu_icons.png
[17:40:24] [Worker-Main-6/WARN]: Codepoint 'e000' declared multiple times in icons:textures/menu/menu_icons.png
[17:40:24] [Worker-Main-6/WARN]: Codepoint 'e000' declared multiple times in icons:textures/menu/menu_icons.png
[17:40:24] [Worker-Main-6/WARN]: Codepoint 'e000' declared multiple times in icons:textures/menu/menu_icons.png
[17:40:24] [Worker-Main-6/WARN]: Codepoint 'e000' declared multiple times in icons:textures/menu/menu_icons.png
[17:40:24] [Worker-Main-6/WARN]: Codepoint 'e000' declared multiple times in icons:textures/menu/menu_icons.png
[17:40:24] [Worker-Main-6/WARN]: Codepoint 'e000' declared multiple times in icons:textures/menu/menu_icons.png
[17:40:24] [Worker-Main-6/WARN]: Codepoint 'e000' declared multiple times in icons:textures/menu/menu_icons.png
[17:40:24] [Worker-Main-6/WARN]: Codepoint 'e000' declared multiple times in icons:textures/menu/menu_icons.png
[17:40:26] [Render thread/INFO]: Processing dsurround:sounds.json
[17:40:26] [Render thread/INFO]: Processing minecraft:sounds.json
[17:40:26] [Render thread/INFO]: Number of SoundEvents cached: 1400
[17:40:27] [Render thread/INFO]: Processing minecraft:dsconfigs/biomes.json
[17:40:27] [Render thread/INFO]: 40 biome configs loaded; version is now 1
[17:40:27] [Render thread/INFO]: Processing minecraft:dsconfigs/dimensions.json
[17:40:27] [Render thread/INFO]: Processing minecraft:dsconfigs/blocks.json
[17:40:27] [Render thread/INFO]: 20 block configs loaded; version is now 1
[17:40:27] [Render thread/INFO]: Processing minecraft:dsconfigs/items.json
[17:40:27] [Render thread/INFO]: 8 item configs loaded; version is now 1
[17:40:27] [Render thread/INFO]: Processing minecraft:dsconfigs/effects.json
[17:40:27] [Render thread/INFO]: 4 entity config rules loaded; version is now 1
[17:40:27] [Render thread/INFO]: Start loading plugin from Jade
[17:40:28] [Render thread/INFO]: Start loading plugin from Jade
[17:40:28] [Render thread/INFO]: Start loading plugin from Jade
[17:40:28] [Render thread/INFO]: Loading Xaero's World Map - Stage 2/2
[17:40:29] [Render thread/INFO]: New world map region cache hash code: -602053371
[17:40:29] [Render thread/INFO]: Xaero's WorldMap Mod: Xaero's minimap found!
[17:40:29] [Render thread/INFO]: No Optifine!
[17:40:29] [Render thread/INFO]: Xaero's World Map: No Vivecraft!
[17:40:29] [Render thread/INFO]: Loading Xaero's Minimap - Stage 2/2
[17:40:30] [Render thread/INFO]: Xaero's Minimap: World Map found!
[17:40:30] [Render thread/INFO]: No Optifine!
[17:40:30] [Render thread/INFO]: Xaero's Minimap: No Vivecraft!
[17:40:31] [Render thread/INFO]: [STDOUT]: InvGUI Initialized
[17:40:34] [Render thread/WARN]: Missing sound for event: minecraft:item.goat_horn.play
[17:40:34] [Render thread/WARN]: Missing sound for event: minecraft:entity.goat.screaming.horn_break
[17:40:38] [Render thread/INFO]: OpenAL initialized on device OpenAL Soft on Speakers (Conexant SmartAudio HD)
[17:40:38] [Render thread/INFO]: Enhanced sounds are enabled.  Will perform sound engine reconfiguration.
[17:40:40] [Render thread/INFO]: HRTF status report before configuration: ALC_HRTF_DISABLED_SOFT
[17:40:41] [Render thread/WARN]: After configuration OpenAL reports HRTF status ALC_HRTF_ENABLED_SOFT
[17:40:41] [Render thread/INFO]: Vendor: OpenAL Community
[17:40:41] [Render thread/INFO]: Version: 1.1 ALSOFT 1.21.1
[17:40:41] [Render thread/INFO]: Renderer: OpenAL Soft
[17:40:41] [Render thread/INFO]: Extensions: AL_EXT_ALAW AL_EXT_BFORMAT AL_EXT_DOUBLE AL_EXT_EXPONENT_DISTANCE AL_EXT_FLOAT32 AL_EXT_IMA4 AL_EXT_LINEAR_DISTANCE AL_EXT_MCFORMATS AL_EXT_MULAW AL_EXT_MULAW_BFORMAT AL_EXT_MULAW_MCFORMATS AL_EXT_OFFSET AL_EXT_source_distance_model AL_EXT_SOURCE_RADIUS AL_EXT_STEREO_ANGLES AL_LOKI_quadriphonic AL_SOFT_bformat_ex AL_SOFTX_bformat_hoa AL_SOFT_block_alignment AL_SOFTX_callback_buffer AL_SOFTX_convolution_reverb AL_SOFT_deferred_updates AL_SOFT_direct_channels AL_SOFT_direct_channels_remix AL_SOFT_effect_target AL_SOFT_events AL_SOFTX_filter_gain_ex AL_SOFT_gain_clamp_ex AL_SOFT_loop_points AL_SOFTX_map_buffer AL_SOFT_MSADPCM AL_SOFT_source_latency AL_SOFT_source_length AL_SOFT_source_resampler AL_SOFT_source_spatialize
[17:40:41] [Render thread/INFO]: Frequency: 48000
[17:40:41] [Render thread/INFO]: Sound engine started
[17:40:41] [Enhanced Sound Processor/INFO]: Threads allocated to enhanced sound processor: 2
[17:40:42] [Render thread/INFO]: Created: 1024x1024x4 minecraft:textures/atlas/blocks.png-atlas
[17:40:43] [Render thread/INFO]: Created: 256x128x4 minecraft:textures/atlas/signs.png-atlas
[17:40:43] [Render thread/INFO]: Created: 1024x512x4 minecraft:textures/atlas/banner_patterns.png-atlas
[17:40:43] [Render thread/INFO]: Created: 2048x1024x4 minecraft:textures/atlas/shield_patterns.png-atlas
[17:40:43] [Render thread/INFO]: Created: 256x256x4 minecraft:textures/atlas/chest.png-atlas
[17:40:43] [Render thread/INFO]: Created: 512x256x4 minecraft:textures/atlas/beds.png-atlas
[17:40:43] [Render thread/INFO]: Created: 512x256x4 minecraft:textures/atlas/shulker_boxes.png-atlas
[17:40:48] [Render thread/WARN]: Shader rendertype_entity_translucent_emissive could not find sampler named Sampler2 in the specified shader program.
[17:40:50] [Render thread/INFO]: Created: 512x256x0 minecraft:textures/atlas/particles.png-atlas
[17:40:50] [Render thread/INFO]: Created: 256x256x0 minecraft:textures/atlas/paintings.png-atlas
[17:40:50] [Render thread/INFO]: Created: 256x128x0 minecraft:textures/atlas/mob_effects.png-atlas
[17:40:50] [Render thread/INFO]: Successfully reloaded the minimap shaders!
[17:40:50] [Render thread/INFO]: Successfully reloaded the world map shaders!
[17:42:19] [Render thread/INFO]: Connecting to 149.56.82.250, 25565
[17:42:20] [Netty Client IO #1/INFO]: Biome registry reload detected
[17:42:29] [Render thread/INFO]: New minimap session initialized!
[17:42:31] [Render thread/INFO]: New world map session initialized!
[17:42:33] [Render thread/INFO]: Started 1 worker threads
[17:42:34] [Render thread/INFO]: Using 3 total BufferBuilder caches
[17:42:35] [Render thread/WARN]: Unable to read property: west with value: false for blockstate: {Name:"minecraft:cobblestone_wall",Properties:{east:"false",north:"false",south:"false",up:"false",west:"false"}}
[17:42:35] [Render thread/WARN]: Unable to read property: east with value: false for blockstate: {Name:"minecraft:cobblestone_wall",Properties:{east:"false",north:"false",south:"false",up:"false",west:"false"}}
[17:42:35] [Render thread/WARN]: Unable to read property: south with value: false for blockstate: {Name:"minecraft:cobblestone_wall",Properties:{east:"false",north:"false",south:"false",up:"false",west:"false"}}
[17:42:35] [Render thread/WARN]: Unable to read property: north with value: false for blockstate: {Name:"minecraft:cobblestone_wall",Properties:{east:"false",north:"false",south:"false",up:"false",west:"false"}}
[17:42:35] [Render thread/WARN]: Unable to read property: west with value: false for blockstate: {Name:"minecraft:mossy_cobblestone_wall",Properties:{east:"false",north:"false",south:"false",up:"false",west:"false"}}
[17:42:35] [Render thread/WARN]: Unable to read property: east with value: false for blockstate: {Name:"minecraft:mossy_cobblestone_wall",Properties:{east:"false",north:"false",south:"false",up:"false",west:"false"}}
[17:42:35] [Render thread/WARN]: Unable to read property: south with value: false for blockstate: {Name:"minecraft:mossy_cobblestone_wall",Properties:{east:"false",north:"false",south:"false",up:"false",west:"false"}}
[17:42:35] [Render thread/WARN]: Unable to read property: north with value: false for blockstate: {Name:"minecraft:mossy_cobblestone_wall",Properties:{east:"false",north:"false",south:"false",up:"false",west:"false"}}
[17:42:36] [REI-ReloadPlugins/INFO]: [REI] ----------------------------------------
[17:42:36] [REI-ReloadPlugins/INFO]: [REI] REIPlugin starting main-reload for START.
[17:42:36] [REI-ReloadPlugins/INFO]: [REI] Plugins (6):
[17:42:36] [REI-ReloadPlugins/INFO]: [REI]  - (-100.00) DefaultClientPlugin of DefaultClientPlugin [roughlyenoughitems]
[17:42:36] [REI-ReloadPlugins/INFO]: [REI]  - (-100.00) DefaultPlugin of DefaultPlugin [roughlyenoughitems]
[17:42:36] [REI-ReloadPlugins/INFO]: [REI]  - (0.00) FabricFluidAPISupportPlugin
[17:42:36] [REI-ReloadPlugins/INFO]: [REI]  - (0.00) HideIngredientsFromTagsPlugin of HideIngredientsFromTagsPlugin [roughlyenoughitems]
[17:42:36] [REI-ReloadPlugins/INFO]: [REI]  - (0.00) DefaultClientRuntimePlugin of DefaultClientRuntimePlugin [roughlyenoughitems]
[17:42:36] [REI-ReloadPlugins/INFO]: [REI]  - (0.00) DefaultRuntimePlugin of DefaultRuntimePlugin [roughlyenoughitems]
[17:42:36] [REI-ReloadPlugins/INFO]: [REI] ----------------------------------------
[17:42:37] [REI-ReloadPlugins/INFO]: [REI] OOOOOOOOOOOOOOOOOOOOOOOOOOOOOOOOOOOOOOOO
[17:42:37] [REI-ReloadPlugins/INFO]: [REI] REIClientPlugin starting main-reload for START.
[17:42:37] [REI-ReloadPlugins/INFO]: [REI] Plugins (3):
[17:42:37] [REI-ReloadPlugins/INFO]: [REI]  - (-100.00) DefaultClientPlugin of DefaultClientPlugin [roughlyenoughitems]
[17:42:37] [REI-ReloadPlugins/INFO]: [REI]  - (0.00) HideIngredientsFromTagsPlugin of HideIngredientsFromTagsPlugin [roughlyenoughitems]
[17:42:37] [REI-ReloadPlugins/INFO]: [REI]  - (0.00) DefaultClientRuntimePlugin of DefaultClientRuntimePlugin [roughlyenoughitems]
[17:42:37] [REI-ReloadPlugins/INFO]: [REI] OOOOOOOOOOOOOOOOOOOOOOOOOOOOOOOOOOOOOOOO
[17:42:39] [REI-ReloadPlugins/INFO]: [REI] ****************************************
[17:42:39] [REI-ReloadPlugins/INFO]: [REI] REIServerPlugin starting main-reload for START.
[17:42:39] [REI-ReloadPlugins/INFO]: [REI] Plugins (3):
[17:42:39] [REI-ReloadPlugins/INFO]: [REI]  - (-100.00) DefaultPlugin of DefaultPlugin [roughlyenoughitems]
[17:42:39] [REI-ReloadPlugins/INFO]: [REI]  - (0.00) FabricFluidAPISupportPlugin
[17:42:39] [REI-ReloadPlugins/INFO]: [REI]  - (0.00) DefaultRuntimePlugin of DefaultRuntimePlugin [roughlyenoughitems]
[17:42:39] [REI-ReloadPlugins/INFO]: [REI] ****************************************
[17:42:39] [REI-ReloadPlugins/INFO]: [REI] REIPlugin finished post-reload for START in 2.384 ms, totaling 260.9 ms.
[17:42:39] [REI-ReloadPlugins/INFO]: [REI] REIClientPlugin finished post-reload for START in 392.9 ?s, totaling 2.369 s.
[17:42:39] [REI-ReloadPlugins/INFO]: [REI] REIServerPlugin finished post-reload for START in 449.9 ?s, totaling 42.41 ms.
[17:42:39] [REI-ReloadPlugins/INFO]: [REI] %%%%%%%%%%%%%%%%%%%%%%%%%%%%%%%%%%%%%%%%
[17:42:39] [REI-ReloadPlugins/INFO]: [REI] REIPlugin starting main-reload for END.
[17:42:39] [REI-ReloadPlugins/INFO]: [REI] Plugins (6):
[17:42:39] [REI-ReloadPlugins/INFO]: [REI]  - (-100.00) DefaultClientPlugin of DefaultClientPlugin [roughlyenoughitems]
[17:42:39] [REI-ReloadPlugins/INFO]: [REI]  - (-100.00) DefaultPlugin of DefaultPlugin [roughlyenoughitems]
[17:42:39] [REI-ReloadPlugins/INFO]: [REI]  - (0.00) FabricFluidAPISupportPlugin
[17:42:39] [REI-ReloadPlugins/INFO]: [REI]  - (0.00) HideIngredientsFromTagsPlugin of HideIngredientsFromTagsPlugin [roughlyenoughitems]
[17:42:39] [REI-ReloadPlugins/INFO]: [REI]  - (0.00) DefaultClientRuntimePlugin of DefaultClientRuntimePlugin [roughlyenoughitems]
[17:42:39] [REI-ReloadPlugins/INFO]: [REI]  - (0.00) DefaultRuntimePlugin of DefaultRuntimePlugin [roughlyenoughitems]
[17:42:39] [REI-ReloadPlugins/INFO]: [REI] %%%%%%%%%%%%%%%%%%%%%%%%%%%%%%%%%%%%%%%%
[17:42:40] [Render thread/INFO]: [System] [CHAT] MarcusAurelie joined the game
[17:42:40] [REI-ReloadPlugins/INFO]: [REI] @@@@@@@@@@@@@@@@@@@@@@@@@@@@@@@@@@@@@@@@
[17:42:40] [REI-ReloadPlugins/INFO]: [REI] REIClientPlugin starting main-reload for END.
[17:42:40] [REI-ReloadPlugins/INFO]: [REI] Plugins (3):
[17:42:40] [REI-ReloadPlugins/INFO]: [REI]  - (-100.00) DefaultClientPlugin of DefaultClientPlugin [roughlyenoughitems]
[17:42:40] [REI-ReloadPlugins/INFO]: [REI]  - (0.00) HideIngredientsFromTagsPlugin of HideIngredientsFromTagsPlugin [roughlyenoughitems]
[17:42:40] [REI-ReloadPlugins/INFO]: [REI]  - (0.00) DefaultClientRuntimePlugin of DefaultClientRuntimePlugin [roughlyenoughitems]
[17:42:40] [REI-ReloadPlugins/INFO]: [REI] @@@@@@@@@@@@@@@@@@@@@@@@@@@@@@@@@@@@@@@@
[17:42:40] [Render thread/WARN]: Received passengers for unknown entity
[17:42:41] [Render thread/INFO]: [System] [CHAT] [BetterRTP] There is currently an update for BetterRTP version #3.6.4 you have version #3.6.1
[17:42:41] [Render thread/INFO]: Loaded 823 advancements
[17:42:41] [Enhanced Sound Processor/WARN]: [Enhanced Sound Processor] is behind 150 msecs
[17:42:42] [Enhanced Sound Processor/WARN]: [Enhanced Sound Processor] is behind 419 msecs
[17:42:42] [Enhanced Sound Processor/WARN]: [Enhanced Sound Processor] is behind 61 msecs
[17:42:44] [Render thread/INFO]: [Conditions] JavaScript engine: OpenJDK Nashorn (15.3)
[17:42:45] [Render thread/INFO]: [BiomeConditions] JavaScript engine: OpenJDK Nashorn (15.3)
[17:42:46] [Enhanced Sound Processor/WARN]: [Enhanced Sound Processor] is behind 10 msecs
[17:42:47] [Enhanced Sound Processor/WARN]: [Enhanced Sound Processor] is behind 197 msecs
[17:42:47] [REI-ReloadPlugins/INFO]: [REI] ########################################
[17:42:47] [REI-ReloadPlugins/INFO]: [REI] REIServerPlugin starting main-reload for END.
[17:42:47] [REI-ReloadPlugins/INFO]: [REI] Plugins (3):
[17:42:47] [REI-ReloadPlugins/INFO]: [REI]  - (-100.00) DefaultPlugin of DefaultPlugin [roughlyenoughitems]
[17:42:47] [REI-ReloadPlugins/INFO]: [REI]  - (0.00) FabricFluidAPISupportPlugin
[17:42:47] [REI-ReloadPlugins/INFO]: [REI]  - (0.00) DefaultRuntimePlugin of DefaultRuntimePlugin [roughlyenoughitems]
[17:42:47] [REI-ReloadPlugins/INFO]: [REI] ########################################
[17:42:47] [REI-ReloadPlugins/INFO]: [REI] REIPlugin finished post-reload for END in 602.2 ?s, totaling 763.6 ms.
[17:42:47] [REI-ReloadPlugins/INFO]: [REI] REIClientPlugin finished post-reload for END in 402.6 ?s, totaling 7.490 s.
[17:42:47] [REI-ReloadPlugins/INFO]: [REI] REIServerPlugin finished post-reload for END in 458.9 ?s, totaling 21.75 ms.
[17:42:48] [Render thread/INFO]: Stopping worker threads
[17:42:49] [Render thread/INFO]: Started 1 worker threads
[17:42:50] [Enhanced Sound Processor/WARN]: [Enhanced Sound Processor] is behind 646 msecs
[17:42:51] [Render thread/INFO]: Reloading entity icon resources...
[17:42:51] [Render thread/INFO]: Done!
[17:42:52] [Enhanced Sound Processor/WARN]: [Enhanced Sound Processor] is behind 4 msecs
[17:42:54] [Enhanced Sound Processor/WARN]: [Enhanced Sound Processor] is behind 17 msecs
[17:42:54] [Enhanced Sound Processor/WARN]: [Enhanced Sound Processor] is behind 3 msecs
[17:42:55] [Enhanced Sound Processor/WARN]: [Enhanced Sound Processor] is behind 76 msecs
[17:43:00] [Enhanced Sound Processor/WARN]: [Enhanced Sound Processor] is behind 56 msecs
[17:43:00] [Enhanced Sound Processor/WARN]: [Enhanced Sound Processor] is behind 70 msecs
[17:43:02] [Enhanced Sound Processor/WARN]: [Enhanced Sound Processor] is behind 69 msecs
[17:43:03] [Enhanced Sound Processor/WARN]: [Enhanced Sound Processor] is behind 424 msecs
[17:43:04] [Enhanced Sound Processor/WARN]: [Enhanced Sound Processor] is behind 23 msecs
[17:43:07] [Enhanced Sound Processor/WARN]: [Enhanced Sound Processor] is behind 16 msecs
[17:43:10] [Enhanced Sound Processor/WARN]: [Enhanced Sound Processor] is behind 8 msecs
[17:43:18] [Enhanced Sound Processor/WARN]: [Enhanced Sound Processor] is behind 6 msecs
[17:43:19] [Enhanced Sound Processor/WARN]: [Enhanced Sound Processor] is behind 26 msecs
[17:43:23] [Enhanced Sound Processor/WARN]: [Enhanced Sound Processor] is behind 39 msecs
[17:43:29] [Enhanced Sound Processor/WARN]: [Enhanced Sound Processor] is behind 44 msecs
[17:43:31] [Enhanced Sound Processor/WARN]: [Enhanced Sound Processor] is behind 48 msecs
[17:43:39] [Enhanced Sound Processor/WARN]: [Enhanced Sound Processor] is behind 5 msecs
[17:43:40] [Enhanced Sound Processor/WARN]: [Enhanced Sound Processor] is behind 19 msecs
[17:43:47] [Enhanced Sound Processor/WARN]: [Enhanced Sound Processor] is behind 14 msecs
[17:43:50] [Enhanced Sound Processor/WARN]: [Enhanced Sound Processor] is behind 25 msecs
[17:43:56] [Enhanced Sound Processor/WARN]: [Enhanced Sound Processor] is behind 16 msecs
[17:44:04] [Enhanced Sound Processor/WARN]: [Enhanced Sound Processor] is behind 36 msecs
[17:44:16] [Enhanced Sound Processor/WARN]: [Enhanced Sound Processor] is behind 236 msecs
[17:44:18] [Worker-Bootstrap-3/INFO]: 4283 Datafixer optimizations took 271831 milliseconds
[17:44:22] [Enhanced Sound Processor/WARN]: [Enhanced Sound Processor] is behind 36 msecs
[17:46:56] [Render thread/INFO]: [System] [CHAT] §b? §8» §7Teleporting in §b3 seconds§7, please do not move!
[17:46:59] [Render thread/INFO]: [System] [CHAT] §b? §8» §7Teleporting to §bbed§7!
[17:46:59] [Render thread/WARN]: Received passengers for unknown entity
[17:47:07] [Render thread/WARN]: Received passengers for unknown entity
[17:47:36] [Render thread/INFO]: [System] [CHAT] §b? §8» §7Teleporting in §b3 seconds§7, please do not move!
[17:47:39] [Render thread/INFO]: [System] [CHAT] §b? §8» §7Teleporting to §benderender§7!
[17:47:39] [Render thread/INFO]: Stopping worker threads
[17:47:39] [Render thread/INFO]: Started 1 worker threads
[17:47:39] [Render thread/INFO]: Stopping worker threads
[17:47:39] [Render thread/INFO]: Started 1 worker threads
[17:49:20] [Render thread/INFO]: [System] [CHAT] [Debug]: Chunk borders: shown
[17:52:54] [Render thread/INFO]: [System] [CHAT] Irisnightmar has made the advancement [§f? §rAcquire Hardware]
[17:54:44] [Render thread/INFO]: [System] [CHAT] Irisnightmar has made the advancement [§f? §rIsn't It Iron Pick]
[17:55:06] [Render thread/INFO]: [System] [CHAT] §b? §8» §7Teleporting in §b3 seconds§7, please do not move!
[17:55:09] [Render thread/INFO]: [System] [CHAT] §b? §8» §7Teleporting to §bbed§7!
[17:55:09] [Render thread/INFO]: Stopping worker threads
[17:55:09] [Render thread/INFO]: Started 1 worker threads
[17:55:09] [Render thread/INFO]: Stopping worker threads
[17:55:09] [Render thread/INFO]: Started 1 worker threads
[17:55:13] [Render thread/INFO]: Minimap session finalized.
[17:55:13] [Render thread/INFO]: Finalizing world map session...
[17:55:14] [Thread-1/INFO]: World map force-cleaned!
[17:55:14] [Render thread/INFO]: World map session finalized.
[17:55:14] [Render thread/INFO]: Stopping worker threads
[20:57:14] [Render thread/INFO]: Connecting to 149.56.82.250, 25565
[20:57:15] [Render thread/INFO]: New minimap session initialized!
[20:57:15] [Render thread/INFO]: New world map session initialized!
[20:57:16] [Render thread/INFO]: Started 1 worker threads
[20:57:16] [Render thread/INFO]: Using 3 total BufferBuilder caches
[20:57:16] [REI-ReloadPlugins/INFO]: [REI] @@@@@@@@@@@@@@@@@@@@@@@@@@@@@@@@@@@@@@@@
[20:57:16] [REI-ReloadPlugins/INFO]: [REI] REIPlugin starting main-reload for START.
[20:57:16] [REI-ReloadPlugins/INFO]: [REI] Plugins (6):
[20:57:16] [REI-ReloadPlugins/INFO]: [REI]  - (-100.00) DefaultClientPlugin of DefaultClientPlugin [roughlyenoughitems]
[20:57:16] [REI-ReloadPlugins/INFO]: [REI]  - (-100.00) DefaultPlugin of DefaultPlugin [roughlyenoughitems]
[20:57:16] [REI-ReloadPlugins/INFO]: [REI]  - (0.00) FabricFluidAPISupportPlugin
[20:57:16] [REI-ReloadPlugins/INFO]: [REI]  - (0.00) HideIngredientsFromTagsPlugin of HideIngredientsFromTagsPlugin [roughlyenoughitems]
[20:57:16] [REI-ReloadPlugins/INFO]: [REI]  - (0.00) DefaultClientRuntimePlugin of DefaultClientRuntimePlugin [roughlyenoughitems]
[20:57:16] [REI-ReloadPlugins/INFO]: [REI]  - (0.00) DefaultRuntimePlugin of DefaultRuntimePlugin [roughlyenoughitems]
[20:57:16] [REI-ReloadPlugins/INFO]: [REI] @@@@@@@@@@@@@@@@@@@@@@@@@@@@@@@@@@@@@@@@
[20:57:16] [REI-ReloadPlugins/INFO]: [REI] %%%%%%%%%%%%%%%%%%%%%%%%%%%%%%%%%%%%%%%%
[20:57:16] [REI-ReloadPlugins/INFO]: [REI] REIClientPlugin starting main-reload for START.
[20:57:16] [REI-ReloadPlugins/INFO]: [REI] Plugins (3):
[20:57:16] [REI-ReloadPlugins/INFO]: [REI]  - (-100.00) DefaultClientPlugin of DefaultClientPlugin [roughlyenoughitems]
[20:57:16] [REI-ReloadPlugins/INFO]: [REI]  - (0.00) HideIngredientsFromTagsPlugin of HideIngredientsFromTagsPlugin [roughlyenoughitems]
[20:57:16] [REI-ReloadPlugins/INFO]: [REI]  - (0.00) DefaultClientRuntimePlugin of DefaultClientRuntimePlugin [roughlyenoughitems]
[20:57:16] [REI-ReloadPlugins/INFO]: [REI] %%%%%%%%%%%%%%%%%%%%%%%%%%%%%%%%%%%%%%%%
[20:57:18] [REI-ReloadPlugins/INFO]: [REI] ----------------------------------------
[20:57:18] [REI-ReloadPlugins/INFO]: [REI] REIServerPlugin starting main-reload for START.
[20:57:18] [REI-ReloadPlugins/INFO]: [REI] Plugins (3):
[20:57:18] [REI-ReloadPlugins/INFO]: [REI]  - (-100.00) DefaultPlugin of DefaultPlugin [roughlyenoughitems]
[20:57:18] [REI-ReloadPlugins/INFO]: [REI]  - (0.00) FabricFluidAPISupportPlugin
[20:57:18] [REI-ReloadPlugins/INFO]: [REI]  - (0.00) DefaultRuntimePlugin of DefaultRuntimePlugin [roughlyenoughitems]
[20:57:18] [REI-ReloadPlugins/INFO]: [REI] ----------------------------------------
[20:57:18] [REI-ReloadPlugins/INFO]: [REI] REIPlugin finished post-reload for START in 2.901 ms, totaling 57.70 ms.
[20:57:18] [REI-ReloadPlugins/INFO]: [REI] REIClientPlugin finished post-reload for START in 4.281 ms, totaling 1.674 s.
[20:57:18] [REI-ReloadPlugins/INFO]: [REI] REIServerPlugin finished post-reload for START in 1.175 ms, totaling 14.82 ms.
[20:57:18] [REI-ReloadPlugins/INFO]: [REI] %%%%%%%%%%%%%%%%%%%%%%%%%%%%%%%%%%%%%%%%
[20:57:18] [REI-ReloadPlugins/INFO]: [REI] REIPlugin starting main-reload for END.
[20:57:18] [REI-ReloadPlugins/INFO]: [REI] Plugins (6):
[20:57:18] [REI-ReloadPlugins/INFO]: [REI]  - (-100.00) DefaultClientPlugin of DefaultClientPlugin [roughlyenoughitems]
[20:57:18] [REI-ReloadPlugins/INFO]: [REI]  - (-100.00) DefaultPlugin of DefaultPlugin [roughlyenoughitems]
[20:57:18] [REI-ReloadPlugins/INFO]: [REI]  - (0.00) FabricFluidAPISupportPlugin
[20:57:18] [REI-ReloadPlugins/INFO]: [REI]  - (0.00) HideIngredientsFromTagsPlugin of HideIngredientsFromTagsPlugin [roughlyenoughitems]
[20:57:18] [REI-ReloadPlugins/INFO]: [REI]  - (0.00) DefaultClientRuntimePlugin of DefaultClientRuntimePlugin [roughlyenoughitems]
[20:57:18] [REI-ReloadPlugins/INFO]: [REI]  - (0.00) DefaultRuntimePlugin of DefaultRuntimePlugin [roughlyenoughitems]
[20:57:18] [REI-ReloadPlugins/INFO]: [REI] %%%%%%%%%%%%%%%%%%%%%%%%%%%%%%%%%%%%%%%%
[20:57:18] [REI-ReloadPlugins/INFO]: [REI] ****************************************
[20:57:18] [REI-ReloadPlugins/INFO]: [REI] REIClientPlugin starting main-reload for END.
[20:57:18] [REI-ReloadPlugins/INFO]: [REI] Plugins (3):
[20:57:18] [REI-ReloadPlugins/INFO]: [REI]  - (-100.00) DefaultClientPlugin of DefaultClientPlugin [roughlyenoughitems]
[20:57:18] [REI-ReloadPlugins/INFO]: [REI]  - (0.00) HideIngredientsFromTagsPlugin of HideIngredientsFromTagsPlugin [roughlyenoughitems]
[20:57:18] [REI-ReloadPlugins/INFO]: [REI]  - (0.00) DefaultClientRuntimePlugin of DefaultClientRuntimePlugin [roughlyenoughitems]
[20:57:18] [REI-ReloadPlugins/INFO]: [REI] ****************************************
[20:57:20] [Enhanced Sound Processor/WARN]: [Enhanced Sound Processor] is behind 1 msecs
[20:57:20] [REI-ReloadPlugins/INFO]: [REI] @@@@@@@@@@@@@@@@@@@@@@@@@@@@@@@@@@@@@@@@
[20:57:20] [REI-ReloadPlugins/INFO]: [REI] REIServerPlugin starting main-reload for END.
[20:57:20] [REI-ReloadPlugins/INFO]: [REI] Plugins (3):
[20:57:20] [REI-ReloadPlugins/INFO]: [REI]  - (-100.00) DefaultPlugin of DefaultPlugin [roughlyenoughitems]
[20:57:20] [REI-ReloadPlugins/INFO]: [REI]  - (0.00) FabricFluidAPISupportPlugin
[20:57:20] [REI-ReloadPlugins/INFO]: [REI]  - (0.00) DefaultRuntimePlugin of DefaultRuntimePlugin [roughlyenoughitems]
[20:57:20] [REI-ReloadPlugins/INFO]: [REI] @@@@@@@@@@@@@@@@@@@@@@@@@@@@@@@@@@@@@@@@
[20:57:20] [REI-ReloadPlugins/INFO]: [REI] REIPlugin finished post-reload for END in 470.8 ?s, totaling 40.81 ms.
[20:57:20] [REI-ReloadPlugins/INFO]: [REI] REIClientPlugin finished post-reload for END in 270.4 ?s, totaling 1.856 s.
[20:57:20] [REI-ReloadPlugins/INFO]: [REI] REIServerPlugin finished post-reload for END in 322.0 ?s, totaling 10.97 ms.
[20:57:22] [Render thread/INFO]: [System] [CHAT] MarcusAurelie joined the game
[20:57:22] [Render thread/WARN]: Received passengers for unknown entity
[20:57:22] [Render thread/WARN]: Received passengers for unknown entity
[20:57:22] [Render thread/INFO]: [System] [CHAT] [BetterRTP] There is currently an update for BetterRTP version #3.6.4 you have version #3.6.1
[20:57:22] [Render thread/INFO]: Loaded 823 advancements
[20:57:26] [Enhanced Sound Processor/WARN]: [Enhanced Sound Processor] is behind 19 msecs
[20:57:37] [Enhanced Sound Processor/WARN]: [Enhanced Sound Processor] is behind 104 msecs
[20:57:51] [Enhanced Sound Processor/WARN]: [Enhanced Sound Processor] is behind 11 msecs
[20:57:53] [Render thread/INFO]: [System] [CHAT] [Debug]: Chunk borders: hidden
[20:58:24] [Enhanced Sound Processor/WARN]: [Enhanced Sound Processor] is behind 6 msecs
[20:58:58] [Enhanced Sound Processor/WARN]: [Enhanced Sound Processor] is behind 8 msecs
[20:59:00] [Enhanced Sound Processor/WARN]: [Enhanced Sound Processor] is behind 24 msecs
[20:59:02] [Enhanced Sound Processor/WARN]: [Enhanced Sound Processor] is behind 80 msecs
[20:59:02] [Enhanced Sound Processor/WARN]: [Enhanced Sound Processor] is behind 32 msecs
[20:59:32] [Enhanced Sound Processor/WARN]: [Enhanced Sound Processor] is behind 14 msecs
[20:59:34] [Render thread/INFO]: [System] [CHAT] §b? §8» §7Teleporting in §b3 seconds§7, please do not move!
[20:59:37] [Render thread/INFO]: [System] [CHAT] §b? §8» §7Teleporting to §benderender§7!
[20:59:37] [Render thread/INFO]: Stopping worker threads
[20:59:37] [Render thread/INFO]: Started 1 worker threads
[20:59:37] [Render thread/INFO]: Stopping worker threads
[20:59:37] [Render thread/INFO]: Started 1 worker threads
[21:03:55] [Render thread/INFO]: [System] [CHAT] §b? §8» §7Teleporting in §b3 seconds§7, please do not move!
[21:03:58] [Render thread/INFO]: [System] [CHAT] §b? §8» §7Teleporting to §b3§7!
[21:03:58] [Render thread/INFO]: Stopping worker threads
[21:03:58] [Render thread/INFO]: Started 1 worker threads
[21:03:58] [Render thread/INFO]: Stopping worker threads
[21:03:58] [Render thread/INFO]: Started 1 worker threads
[21:04:18] [Render thread/INFO]: Stopping worker threads
[21:04:18] [Render thread/INFO]: Started 1 worker threads
[21:04:18] [Render thread/INFO]: Stopping worker threads
[21:04:18] [Render thread/INFO]: Started 1 worker threads
[21:05:09] [Render thread/INFO]: [System] [CHAT] [Debug]: Chunk borders: shown
[21:08:05] [Render thread/INFO]: [System] [CHAT] §b? §8» §7Successfully deleted the home §benderender§7!
[21:08:12] [Render thread/INFO]: [System] [CHAT] §b? §8» §7Successfully set the home §benderender§7!
[21:08:16] [Render thread/INFO]: [System] [CHAT] §b? §8» §7Teleporting in §b3 seconds§7, please do not move!
[21:08:18] [Render thread/INFO]: [System] [CHAT] [Debug]: Chunk borders: hidden
[21:08:19] [Render thread/INFO]: [System] [CHAT] §b? §8» §7Teleporting to §bbed§7!
[21:08:19] [Render thread/INFO]: Stopping worker threads
[21:08:19] [Render thread/INFO]: Started 1 worker threads
[21:08:19] [Render thread/INFO]: Stopping worker threads
[21:08:19] [Render thread/INFO]: Started 1 worker threads
[21:11:12] [Enhanced Sound Processor/WARN]: [Enhanced Sound Processor] is behind 18 msecs
[21:13:35] [Enhanced Sound Processor/WARN]: [Enhanced Sound Processor] is behind 114 msecs
[21:14:43] [Render thread/INFO]: Minimap session finalized.
[21:14:43] [Render thread/INFO]: Finalizing world map session...
[21:14:47] [Thread-1/INFO]: World map force-cleaned!
[21:14:47] [Render thread/INFO]: World map session finalized.
[21:14:47] [Render thread/INFO]: Stopping worker threads
[21:14:55] [Render thread/INFO]: Connecting to 149.56.82.250, 25565
[21:14:55] [Worker-Main-17/ERROR]: Failed to retrieve profile key pair
com.mojang.authlib.exceptions.MinecraftClientException: Failed to POST https://api.minecraftservices.com/player/certificates
	at com.mojang.authlib.minecraft.client.MinecraftClient.postInternal(MinecraftClient.java:112) ~[authlib-3.11.49.jar:?]
	at com.mojang.authlib.minecraft.client.MinecraftClient.post(MinecraftClient.java:54) ~[authlib-3.11.49.jar:?]
	at com.mojang.authlib.yggdrasil.YggdrasilUserApiService.getKeyPair(YggdrasilUserApiService.java:73) ~[authlib-3.11.49.jar:?]
	at net.minecraft.class_7434.method_43605(class_7434.java:121) ~[client-intermediary.jar:?]
	at net.minecraft.class_7434.method_44291(class_7434.java:69) ~[client-intermediary.jar:?]
	at java.util.concurrent.CompletableFuture$AsyncSupply.run(CompletableFuture.java:1768) [?:?]
	at java.util.concurrent.CompletableFuture$AsyncSupply.exec(CompletableFuture.java:1760) [?:?]
	at java.util.concurrent.ForkJoinTask.doExec(ForkJoinTask.java:373) [?:?]
	at java.util.concurrent.ForkJoinPool$WorkQueue.topLevelExec(ForkJoinPool.java:1182) [?:?]
	at java.util.concurrent.ForkJoinPool.scan(ForkJoinPool.java:1655) [?:?]
	at java.util.concurrent.ForkJoinPool.runWorker(ForkJoinPool.java:1622) [?:?]
	at java.util.concurrent.ForkJoinWorkerThread.run(ForkJoinWorkerThread.java:165) [?:?]
Caused by: java.net.SocketException: Network is unreachable: no further information
	at sun.nio.ch.Net.pollConnect(Native Method) ~[?:?]
	at sun.nio.ch.Net.pollConnectNow(Net.java:672) ~[?:?]
	at sun.nio.ch.NioSocketImpl.timedFinishConnect(NioSocketImpl.java:542) ~[?:?]
	at sun.nio.ch.NioSocketImpl.connect(NioSocketImpl.java:597) ~[?:?]
	at java.net.SocksSocketImpl.connect(SocksSocketImpl.java:327) ~[?:?]
	at java.net.Socket.connect(Socket.java:633) ~[?:?]
	at sun.security.ssl.SSLSocketImpl.connect(SSLSocketImpl.java:304) ~[?:?]
	at sun.net.NetworkClient.doConnect(NetworkClient.java:178) ~[?:?]
	at sun.net.www.http.HttpClient.openServer(HttpClient.java:498) ~[?:?]
	at sun.net.www.http.HttpClient.openServer(HttpClient.java:603) ~[?:?]
	at sun.net.www.protocol.https.HttpsClient.<init>(HttpsClient.java:266) ~[?:?]
	at sun.net.www.protocol.https.HttpsClient.New(HttpsClient.java:380) ~[?:?]
	at sun.net.www.protocol.https.AbstractDelegateHttpsURLConnection.getNewHttpClient(AbstractDelegateHttpsURLConnection.java:189) ~[?:?]
	at sun.net.www.protocol.http.HttpURLConnection.plainConnect0(HttpURLConnection.java:1287) ~[?:?]
	at sun.net.www.protocol.http.HttpURLConnection.plainConnect(HttpURLConnection.java:1128) ~[?:?]
	at sun.net.www.protocol.https.AbstractDelegateHttpsURLConnection.connect(AbstractDelegateHttpsURLConnection.java:175) ~[?:?]
	at sun.net.www.protocol.http.HttpURLConnection.getOutputStream0(HttpURLConnection.java:1430) ~[?:?]
	at sun.net.www.protocol.http.HttpURLConnection.getOutputStream(HttpURLConnection.java:1401) ~[?:?]
	at sun.net.www.protocol.https.HttpsURLConnectionImpl.getOutputStream(HttpsURLConnectionImpl.java:220) ~[?:?]
	at com.mojang.authlib.minecraft.client.MinecraftClient.postInternal(MinecraftClient.java:109) ~[authlib-3.11.49.jar:?]
	... 11 more
[21:14:59] [Server Connector #3/ERROR]: Couldn't connect to server
io.netty.channel.AbstractChannel$AnnotatedSocketException: Network is unreachable: no further information: 149.56.82.250/149.56.82.250:25565
Caused by: java.net.SocketException: Network is unreachable: no further information
	at sun.nio.ch.Net.pollConnect(Native Method) ~[?:?]
	at sun.nio.ch.Net.pollConnectNow(Net.java:672) ~[?:?]
	at sun.nio.ch.SocketChannelImpl.finishConnect(SocketChannelImpl.java:946) ~[?:?]
	at io.netty.channel.socket.nio.NioSocketChannel.doFinishConnect(NioSocketChannel.java:337) ~[netty-transport-4.1.77.Final.jar:?]
	at io.netty.channel.nio.AbstractNioChannel$AbstractNioUnsafe.finishConnect(AbstractNioChannel.java:334) ~[netty-transport-4.1.77.Final.jar:?]
	at io.netty.channel.nio.NioEventLoop.processSelectedKey(NioEventLoop.java:710) ~[netty-transport-4.1.77.Final.jar:?]
	at io.netty.channel.nio.NioEventLoop.processSelectedKeysOptimized(NioEventLoop.java:658) ~[netty-transport-4.1.77.Final.jar:?]
	at io.netty.channel.nio.NioEventLoop.processSelectedKeys(NioEventLoop.java:584) ~[netty-transport-4.1.77.Final.jar:?]
	at io.netty.channel.nio.NioEventLoop.run(NioEventLoop.java:496) ~[netty-transport-4.1.77.Final.jar:?]
	at io.netty.util.concurrent.SingleThreadEventExecutor$4.run(SingleThreadEventExecutor.java:995) ~[netty-common-4.1.77.Final.jar:?]
	at io.netty.util.internal.ThreadExecutorMap$2.run(ThreadExecutorMap.java:74) ~[netty-common-4.1.77.Final.jar:?]
	at java.lang.Thread.run(Thread.java:833) ~[?:?]
[21:15:10] [Render thread/INFO]: Connecting to 149.56.82.250, 25565
[21:15:10] [Worker-Main-17/ERROR]: Failed to retrieve profile key pair
com.mojang.authlib.exceptions.MinecraftClientException: Failed to POST https://api.minecraftservices.com/player/certificates
	at com.mojang.authlib.minecraft.client.MinecraftClient.postInternal(MinecraftClient.java:112) ~[authlib-3.11.49.jar:?]
	at com.mojang.authlib.minecraft.client.MinecraftClient.post(MinecraftClient.java:54) ~[authlib-3.11.49.jar:?]
	at com.mojang.authlib.yggdrasil.YggdrasilUserApiService.getKeyPair(YggdrasilUserApiService.java:73) ~[authlib-3.11.49.jar:?]
	at net.minecraft.class_7434.method_43605(class_7434.java:121) ~[client-intermediary.jar:?]
	at net.minecraft.class_7434.method_44291(class_7434.java:69) ~[client-intermediary.jar:?]
	at java.util.concurrent.CompletableFuture$AsyncSupply.run(CompletableFuture.java:1768) [?:?]
	at java.util.concurrent.CompletableFuture$AsyncSupply.exec(CompletableFuture.java:1760) [?:?]
	at java.util.concurrent.ForkJoinTask.doExec(ForkJoinTask.java:373) [?:?]
	at java.util.concurrent.ForkJoinPool$WorkQueue.topLevelExec(ForkJoinPool.java:1182) [?:?]
	at java.util.concurrent.ForkJoinPool.scan(ForkJoinPool.java:1655) [?:?]
	at java.util.concurrent.ForkJoinPool.runWorker(ForkJoinPool.java:1622) [?:?]
	at java.util.concurrent.ForkJoinWorkerThread.run(ForkJoinWorkerThread.java:165) [?:?]
Caused by: java.net.UnknownHostException: api.minecraftservices.com
	at sun.nio.ch.NioSocketImpl.connect(NioSocketImpl.java:567) ~[?:?]
	at java.net.SocksSocketImpl.connect(SocksSocketImpl.java:327) ~[?:?]
	at java.net.Socket.connect(Socket.java:633) ~[?:?]
	at sun.security.ssl.SSLSocketImpl.connect(SSLSocketImpl.java:304) ~[?:?]
	at sun.net.NetworkClient.doConnect(NetworkClient.java:178) ~[?:?]
	at sun.net.www.http.HttpClient.openServer(HttpClient.java:498) ~[?:?]
	at sun.net.www.http.HttpClient.openServer(HttpClient.java:603) ~[?:?]
	at sun.net.www.protocol.https.HttpsClient.<init>(HttpsClient.java:266) ~[?:?]
	at sun.net.www.protocol.https.HttpsClient.New(HttpsClient.java:380) ~[?:?]
	at sun.net.www.protocol.https.AbstractDelegateHttpsURLConnection.getNewHttpClient(AbstractDelegateHttpsURLConnection.java:189) ~[?:?]
	at sun.net.www.protocol.http.HttpURLConnection.plainConnect0(HttpURLConnection.java:1287) ~[?:?]
	at sun.net.www.protocol.http.HttpURLConnection.plainConnect(HttpURLConnection.java:1128) ~[?:?]
	at sun.net.www.protocol.https.AbstractDelegateHttpsURLConnection.connect(AbstractDelegateHttpsURLConnection.java:175) ~[?:?]
	at sun.net.www.protocol.http.HttpURLConnection.getOutputStream0(HttpURLConnection.java:1430) ~[?:?]
	at sun.net.www.protocol.http.HttpURLConnection.getOutputStream(HttpURLConnection.java:1401) ~[?:?]
	at sun.net.www.protocol.https.HttpsURLConnectionImpl.getOutputStream(HttpsURLConnectionImpl.java:220) ~[?:?]
	at com.mojang.authlib.minecraft.client.MinecraftClient.postInternal(MinecraftClient.java:109) ~[authlib-3.11.49.jar:?]
	... 11 more
[21:15:14] [Server Connector #4/ERROR]: Couldn't connect to server
io.netty.channel.AbstractChannel$AnnotatedSocketException: Network is unreachable: no further information: 149.56.82.250/149.56.82.250:25565
Caused by: java.net.SocketException: Network is unreachable: no further information
	at sun.nio.ch.Net.pollConnect(Native Method) ~[?:?]
	at sun.nio.ch.Net.pollConnectNow(Net.java:672) ~[?:?]
	at sun.nio.ch.SocketChannelImpl.finishConnect(SocketChannelImpl.java:946) ~[?:?]
	at io.netty.channel.socket.nio.NioSocketChannel.doFinishConnect(NioSocketChannel.java:337) ~[netty-transport-4.1.77.Final.jar:?]
	at io.netty.channel.nio.AbstractNioChannel$AbstractNioUnsafe.finishConnect(AbstractNioChannel.java:334) ~[netty-transport-4.1.77.Final.jar:?]
	at io.netty.channel.nio.NioEventLoop.processSelectedKey(NioEventLoop.java:710) ~[netty-transport-4.1.77.Final.jar:?]
	at io.netty.channel.nio.NioEventLoop.processSelectedKeysOptimized(NioEventLoop.java:658) ~[netty-transport-4.1.77.Final.jar:?]
	at io.netty.channel.nio.NioEventLoop.processSelectedKeys(NioEventLoop.java:584) ~[netty-transport-4.1.77.Final.jar:?]
	at io.netty.channel.nio.NioEventLoop.run(NioEventLoop.java:496) ~[netty-transport-4.1.77.Final.jar:?]
	at io.netty.util.concurrent.SingleThreadEventExecutor$4.run(SingleThreadEventExecutor.java:995) ~[netty-common-4.1.77.Final.jar:?]
	at io.netty.util.internal.ThreadExecutorMap$2.run(ThreadExecutorMap.java:74) ~[netty-common-4.1.77.Final.jar:?]
	at java.lang.Thread.run(Thread.java:833) ~[?:?]
[21:15:41] [Render thread/INFO]: Connecting to 149.56.82.250, 25565
[21:15:41] [Worker-Main-17/ERROR]: Failed to retrieve profile key pair
com.mojang.authlib.exceptions.MinecraftClientException: Failed to POST https://api.minecraftservices.com/player/certificates
	at com.mojang.authlib.minecraft.client.MinecraftClient.postInternal(MinecraftClient.java:112) ~[authlib-3.11.49.jar:?]
	at com.mojang.authlib.minecraft.client.MinecraftClient.post(MinecraftClient.java:54) ~[authlib-3.11.49.jar:?]
	at com.mojang.authlib.yggdrasil.YggdrasilUserApiService.getKeyPair(YggdrasilUserApiService.java:73) ~[authlib-3.11.49.jar:?]
	at net.minecraft.class_7434.method_43605(class_7434.java:121) ~[client-intermediary.jar:?]
	at net.minecraft.class_7434.method_44291(class_7434.java:69) ~[client-intermediary.jar:?]
	at java.util.concurrent.CompletableFuture$AsyncSupply.run(CompletableFuture.java:1768) [?:?]
	at java.util.concurrent.CompletableFuture$AsyncSupply.exec(CompletableFuture.java:1760) [?:?]
	at java.util.concurrent.ForkJoinTask.doExec(ForkJoinTask.java:373) [?:?]
	at java.util.concurrent.ForkJoinPool$WorkQueue.topLevelExec(ForkJoinPool.java:1182) [?:?]
	at java.util.concurrent.ForkJoinPool.scan(ForkJoinPool.java:1655) [?:?]
	at java.util.concurrent.ForkJoinPool.runWorker(ForkJoinPool.java:1622) [?:?]
	at java.util.concurrent.ForkJoinWorkerThread.run(ForkJoinWorkerThread.java:165) [?:?]
Caused by: java.net.UnknownHostException: api.minecraftservices.com
	at sun.nio.ch.NioSocketImpl.connect(NioSocketImpl.java:567) ~[?:?]
	at java.net.SocksSocketImpl.connect(SocksSocketImpl.java:327) ~[?:?]
	at java.net.Socket.connect(Socket.java:633) ~[?:?]
	at sun.security.ssl.SSLSocketImpl.connect(SSLSocketImpl.java:304) ~[?:?]
	at sun.net.NetworkClient.doConnect(NetworkClient.java:178) ~[?:?]
	at sun.net.www.http.HttpClient.openServer(HttpClient.java:498) ~[?:?]
	at sun.net.www.http.HttpClient.openServer(HttpClient.java:603) ~[?:?]
	at sun.net.www.protocol.https.HttpsClient.<init>(HttpsClient.java:266) ~[?:?]
	at sun.net.www.protocol.https.HttpsClient.New(HttpsClient.java:380) ~[?:?]
	at sun.net.www.protocol.https.AbstractDelegateHttpsURLConnection.getNewHttpClient(AbstractDelegateHttpsURLConnection.java:189) ~[?:?]
	at sun.net.www.protocol.http.HttpURLConnection.plainConnect0(HttpURLConnection.java:1287) ~[?:?]
	at sun.net.www.protocol.http.HttpURLConnection.plainConnect(HttpURLConnection.java:1128) ~[?:?]
	at sun.net.www.protocol.https.AbstractDelegateHttpsURLConnection.connect(AbstractDelegateHttpsURLConnection.java:175) ~[?:?]
	at sun.net.www.protocol.http.HttpURLConnection.getOutputStream0(HttpURLConnection.java:1430) ~[?:?]
	at sun.net.www.protocol.http.HttpURLConnection.getOutputStream(HttpURLConnection.java:1401) ~[?:?]
	at sun.net.www.protocol.https.HttpsURLConnectionImpl.getOutputStream(HttpsURLConnectionImpl.java:220) ~[?:?]
	at com.mojang.authlib.minecraft.client.MinecraftClient.postInternal(MinecraftClient.java:109) ~[authlib-3.11.49.jar:?]
	... 11 more
[21:15:45] [Server Connector #5/ERROR]: Couldn't connect to server
io.netty.channel.AbstractChannel$AnnotatedSocketException: Network is unreachable: no further information: 149.56.82.250/149.56.82.250:25565
Caused by: java.net.SocketException: Network is unreachable: no further information
	at sun.nio.ch.Net.pollConnect(Native Method) ~[?:?]
	at sun.nio.ch.Net.pollConnectNow(Net.java:672) ~[?:?]
	at sun.nio.ch.SocketChannelImpl.finishConnect(SocketChannelImpl.java:946) ~[?:?]
	at io.netty.channel.socket.nio.NioSocketChannel.doFinishConnect(NioSocketChannel.java:337) ~[netty-transport-4.1.77.Final.jar:?]
	at io.netty.channel.nio.AbstractNioChannel$AbstractNioUnsafe.finishConnect(AbstractNioChannel.java:334) ~[netty-transport-4.1.77.Final.jar:?]
	at io.netty.channel.nio.NioEventLoop.processSelectedKey(NioEventLoop.java:710) ~[netty-transport-4.1.77.Final.jar:?]
	at io.netty.channel.nio.NioEventLoop.processSelectedKeysOptimized(NioEventLoop.java:658) ~[netty-transport-4.1.77.Final.jar:?]
	at io.netty.channel.nio.NioEventLoop.processSelectedKeys(NioEventLoop.java:584) ~[netty-transport-4.1.77.Final.jar:?]
	at io.netty.channel.nio.NioEventLoop.run(NioEventLoop.java:496) ~[netty-transport-4.1.77.Final.jar:?]
	at io.netty.util.concurrent.SingleThreadEventExecutor$4.run(SingleThreadEventExecutor.java:995) ~[netty-common-4.1.77.Final.jar:?]
	at io.netty.util.internal.ThreadExecutorMap$2.run(ThreadExecutorMap.java:74) ~[netty-common-4.1.77.Final.jar:?]
	at java.lang.Thread.run(Thread.java:833) ~[?:?]
[21:15:51] [Render thread/INFO]: Connecting to 149.56.82.250, 25565
[21:15:52] [Render thread/INFO]: New minimap session initialized!
[21:15:52] [Render thread/INFO]: New world map session initialized!
[21:15:52] [Render thread/INFO]: Started 1 worker threads
[21:15:52] [Render thread/INFO]: Using 3 total BufferBuilder caches
[21:15:52] [REI-ReloadPlugins/INFO]: [REI] ~~~~~~~~~~~~~~~~~~~~~~~~~~~~~~~~~~~~~~~~
[21:15:52] [REI-ReloadPlugins/INFO]: [REI] REIPlugin starting main-reload for START.
[21:15:52] [REI-ReloadPlugins/INFO]: [REI] Plugins (6):
[21:15:52] [REI-ReloadPlugins/INFO]: [REI]  - (-100.00) DefaultClientPlugin of DefaultClientPlugin [roughlyenoughitems]
[21:15:52] [REI-ReloadPlugins/INFO]: [REI]  - (-100.00) DefaultPlugin of DefaultPlugin [roughlyenoughitems]
[21:15:52] [REI-ReloadPlugins/INFO]: [REI]  - (0.00) FabricFluidAPISupportPlugin
[21:15:52] [REI-ReloadPlugins/INFO]: [REI]  - (0.00) HideIngredientsFromTagsPlugin of HideIngredientsFromTagsPlugin [roughlyenoughitems]
[21:15:52] [REI-ReloadPlugins/INFO]: [REI]  - (0.00) DefaultClientRuntimePlugin of DefaultClientRuntimePlugin [roughlyenoughitems]
[21:15:52] [REI-ReloadPlugins/INFO]: [REI]  - (0.00) DefaultRuntimePlugin of DefaultRuntimePlugin [roughlyenoughitems]
[21:15:52] [REI-ReloadPlugins/INFO]: [REI] ~~~~~~~~~~~~~~~~~~~~~~~~~~~~~~~~~~~~~~~~
[21:15:52] [REI-ReloadPlugins/INFO]: [REI] ~~~~~~~~~~~~~~~~~~~~~~~~~~~~~~~~~~~~~~~~
[21:15:52] [REI-ReloadPlugins/INFO]: [REI] REIClientPlugin starting main-reload for START.
[21:15:52] [REI-ReloadPlugins/INFO]: [REI] Plugins (3):
[21:15:52] [REI-ReloadPlugins/INFO]: [REI]  - (-100.00) DefaultClientPlugin of DefaultClientPlugin [roughlyenoughitems]
[21:15:52] [REI-ReloadPlugins/INFO]: [REI]  - (0.00) HideIngredientsFromTagsPlugin of HideIngredientsFromTagsPlugin [roughlyenoughitems]
[21:15:52] [REI-ReloadPlugins/INFO]: [REI]  - (0.00) DefaultClientRuntimePlugin of DefaultClientRuntimePlugin [roughlyenoughitems]
[21:15:52] [REI-ReloadPlugins/INFO]: [REI] ~~~~~~~~~~~~~~~~~~~~~~~~~~~~~~~~~~~~~~~~
[21:15:52] [REI-ReloadPlugins/INFO]: [REI] ----------------------------------------
[21:15:52] [REI-ReloadPlugins/INFO]: [REI] REIServerPlugin starting main-reload for START.
[21:15:52] [REI-ReloadPlugins/INFO]: [REI] Plugins (3):
[21:15:52] [REI-ReloadPlugins/INFO]: [REI]  - (-100.00) DefaultPlugin of DefaultPlugin [roughlyenoughitems]
[21:15:52] [REI-ReloadPlugins/INFO]: [REI]  - (0.00) FabricFluidAPISupportPlugin
[21:15:52] [REI-ReloadPlugins/INFO]: [REI]  - (0.00) DefaultRuntimePlugin of DefaultRuntimePlugin [roughlyenoughitems]
[21:15:52] [REI-ReloadPlugins/INFO]: [REI] ----------------------------------------
[21:15:52] [REI-ReloadPlugins/INFO]: [REI] REIPlugin finished post-reload for START in 597.8 ?s, totaling 12.43 ms.
[21:15:52] [REI-ReloadPlugins/INFO]: [REI] REIClientPlugin finished post-reload for START in 453.9 ?s, totaling 258.5 ms.
[21:15:52] [REI-ReloadPlugins/INFO]: [REI] REIServerPlugin finished post-reload for START in 220.7 ?s, totaling 3.901 ms.
[21:15:52] [REI-ReloadPlugins/INFO]: [REI] OOOOOOOOOOOOOOOOOOOOOOOOOOOOOOOOOOOOOOOO
[21:15:52] [REI-ReloadPlugins/INFO]: [REI] REIPlugin starting main-reload for END.
[21:15:52] [REI-ReloadPlugins/INFO]: [REI] Plugins (6):
[21:15:52] [REI-ReloadPlugins/INFO]: [REI]  - (-100.00) DefaultClientPlugin of DefaultClientPlugin [roughlyenoughitems]
[21:15:52] [REI-ReloadPlugins/INFO]: [REI]  - (-100.00) DefaultPlugin of DefaultPlugin [roughlyenoughitems]
[21:15:52] [REI-ReloadPlugins/INFO]: [REI]  - (0.00) FabricFluidAPISupportPlugin
[21:15:52] [REI-ReloadPlugins/INFO]: [REI]  - (0.00) HideIngredientsFromTagsPlugin of HideIngredientsFromTagsPlugin [roughlyenoughitems]
[21:15:52] [REI-ReloadPlugins/INFO]: [REI]  - (0.00) DefaultClientRuntimePlugin of DefaultClientRuntimePlugin [roughlyenoughitems]
[21:15:52] [REI-ReloadPlugins/INFO]: [REI]  - (0.00) DefaultRuntimePlugin of DefaultRuntimePlugin [roughlyenoughitems]
[21:15:52] [REI-ReloadPlugins/INFO]: [REI] OOOOOOOOOOOOOOOOOOOOOOOOOOOOOOOOOOOOOOOO
[21:15:52] [REI-ReloadPlugins/INFO]: [REI] ++++++++++++++++++++++++++++++++++++++++
[21:15:52] [REI-ReloadPlugins/INFO]: [REI] REIClientPlugin starting main-reload for END.
[21:15:52] [REI-ReloadPlugins/INFO]: [REI] Plugins (3):
[21:15:52] [REI-ReloadPlugins/INFO]: [REI]  - (-100.00) DefaultClientPlugin of DefaultClientPlugin [roughlyenoughitems]
[21:15:52] [REI-ReloadPlugins/INFO]: [REI]  - (0.00) HideIngredientsFromTagsPlugin of HideIngredientsFromTagsPlugin [roughlyenoughitems]
[21:15:52] [REI-ReloadPlugins/INFO]: [REI]  - (0.00) DefaultClientRuntimePlugin of DefaultClientRuntimePlugin [roughlyenoughitems]
[21:15:52] [REI-ReloadPlugins/INFO]: [REI] ++++++++++++++++++++++++++++++++++++++++
[21:15:53] [REI-ReloadPlugins/INFO]: [REI] ########################################
[21:15:53] [REI-ReloadPlugins/INFO]: [REI] REIServerPlugin starting main-reload for END.
[21:15:53] [REI-ReloadPlugins/INFO]: [REI] Plugins (3):
[21:15:53] [REI-ReloadPlugins/INFO]: [REI]  - (-100.00) DefaultPlugin of DefaultPlugin [roughlyenoughitems]
[21:15:53] [REI-ReloadPlugins/INFO]: [REI]  - (0.00) FabricFluidAPISupportPlugin
[21:15:53] [REI-ReloadPlugins/INFO]: [REI]  - (0.00) DefaultRuntimePlugin of DefaultRuntimePlugin [roughlyenoughitems]
[21:15:53] [REI-ReloadPlugins/INFO]: [REI] ########################################
[21:15:53] [REI-ReloadPlugins/INFO]: [REI] REIPlugin finished post-reload for END in 566.2 ?s, totaling 9.933 ms.
[21:15:53] [REI-ReloadPlugins/INFO]: [REI] REIClientPlugin finished post-reload for END in 367.8 ?s, totaling 212.4 ms.
[21:15:53] [REI-ReloadPlugins/INFO]: [REI] REIServerPlugin finished post-reload for END in 293.1 ?s, totaling 3.801 ms.
[21:15:54] [Render thread/INFO]: [System] [CHAT] MarcusAurelie joined the game
[21:15:54] [Render thread/WARN]: Received passengers for unknown entity
[21:15:54] [Render thread/INFO]: [System] [CHAT] [BetterRTP] There is currently an update for BetterRTP version #3.6.4 you have version #3.6.1
[21:15:54] [Render thread/INFO]: Loaded 823 advancements
[21:15:55] [Enhanced Sound Processor/WARN]: [Enhanced Sound Processor] is behind 77 msecs
[21:26:48] [Render thread/INFO]: [System] [CHAT] Unknown or incomplete command, see below for error
[21:26:48] [Render thread/INFO]: [System] [CHAT] jade<--[HERE]
[21:27:53] [Enhanced Sound Processor/WARN]: [Enhanced Sound Processor] is behind 9 msecs
[21:30:39] [Render thread/INFO]: Minimap session finalized.
[21:30:39] [Render thread/INFO]: Finalizing world map session...
[21:30:42] [Thread-1/INFO]: World map force-cleaned!
[21:30:42] [Render thread/INFO]: World map session finalized.
[21:30:42] [Render thread/INFO]: Stopping worker threads
[21:30:48] [Render thread/INFO]: Stopping!
